Using pre-set license
Built from '2021.3/staging' branch; Version is '2021.3.8f1 (b30333d56e81) revision 11731763'; Using compiler version '192829333'; Build Type 'Release'
OS: 'Windows 10  (10.0.19044) 64bit CoreSingleLanguage' Language: 'en' Physical Memory: 16236 MB
BatchMode: 1, IsHumanControllingUs: 0, StartBugReporterOnCrash: 0, Is64bit: 1, IsPro: 1

COMMAND LINE ARGUMENTS:
C:\Program Files\Unity\Hub\Editor\2021.3.8f1\Editor\Unity.exe
-adb2
-batchMode
-noUpm
-name
AssetImportWorker1
-projectPath
C:/Users/Dronnzer/Downloads/Udemy 2D Platformer
-logFile
Logs/AssetImportWorker1.log
-srvPort
59977
Successfully changed project path to: C:/Users/Dronnzer/Downloads/Udemy 2D Platformer
C:/Users/Dronnzer/Downloads/Udemy 2D Platformer
[UnityMemory] Configuration Parameters - Can be set up in boot.config
    "memorysetup-bucket-allocator-granularity=16"
    "memorysetup-bucket-allocator-bucket-count=8"
    "memorysetup-bucket-allocator-block-size=33554432"
    "memorysetup-bucket-allocator-block-count=8"
    "memorysetup-main-allocator-block-size=16777216"
    "memorysetup-thread-allocator-block-size=16777216"
    "memorysetup-gfx-main-allocator-block-size=16777216"
    "memorysetup-gfx-thread-allocator-block-size=16777216"
    "memorysetup-cache-allocator-block-size=4194304"
    "memorysetup-typetree-allocator-block-size=2097152"
    "memorysetup-profiler-bucket-allocator-granularity=16"
    "memorysetup-profiler-bucket-allocator-bucket-count=8"
    "memorysetup-profiler-bucket-allocator-block-size=33554432"
    "memorysetup-profiler-bucket-allocator-block-count=8"
    "memorysetup-profiler-allocator-block-size=16777216"
    "memorysetup-profiler-editor-allocator-block-size=1048576"
    "memorysetup-temp-allocator-size-main=16777216"
    "memorysetup-job-temp-allocator-block-size=2097152"
    "memorysetup-job-temp-allocator-block-size-background=1048576"
    "memorysetup-job-temp-allocator-reduction-small-platforms=262144"
    "memorysetup-temp-allocator-size-background-worker=32768"
    "memorysetup-temp-allocator-size-job-worker=262144"
    "memorysetup-temp-allocator-size-preload-manager=33554432"
    "memorysetup-temp-allocator-size-nav-mesh-worker=65536"
    "memorysetup-temp-allocator-size-audio-worker=65536"
    "memorysetup-temp-allocator-size-cloud-worker=32768"
    "memorysetup-temp-allocator-size-gi-baking-worker=262144"
    "memorysetup-temp-allocator-size-gfx=262144"
Refreshing native plugins compatible for Editor in 28.32 ms, found 2 plugins.
Preloading 0 native plugins for Editor in 0.00 ms.
Initialize engine version: 2021.3.8f1 (b30333d56e81)
[Subsystems] Discovering subsystems at path C:/Program Files/Unity/Hub/Editor/2021.3.8f1/Editor/Data/Resources/UnitySubsystems
[Subsystems] Discovering subsystems at path C:/Users/Dronnzer/Downloads/Udemy 2D Platformer/Assets
GfxDevice: creating device client; threaded=0; jobified=0
Direct3D:
    Version:  Direct3D 11.0 [level 11.1]
    Renderer: NVIDIA GeForce RTX 3060 Laptop GPU (ID=0x2560)
    Vendor:   NVIDIA
    VRAM:     6009 MB
    Driver:   31.0.15.2849
Initialize mono
Mono path[0] = 'C:/Program Files/Unity/Hub/Editor/2021.3.8f1/Editor/Data/Managed'
Mono path[1] = 'C:/Program Files/Unity/Hub/Editor/2021.3.8f1/Editor/Data/MonoBleedingEdge/lib/mono/unityjit-win32'
Mono config path = 'C:/Program Files/Unity/Hub/Editor/2021.3.8f1/Editor/Data/MonoBleedingEdge/etc'
Using monoOptions --debugger-agent=transport=dt_socket,embedding=1,server=y,suspend=n,address=127.0.0.1:56916
Begin MonoManager ReloadAssembly
Registering precompiled unity dll's ...
Register platform support module: C:/Program Files/Unity/Hub/Editor/2021.3.8f1/Editor/Data/PlaybackEngines/WebGLSupport/UnityEditor.WebGL.Extensions.dll
Register platform support module: C:/Program Files/Unity/Hub/Editor/2021.3.8f1/Editor/Data/PlaybackEngines/AndroidPlayer/UnityEditor.Android.Extensions.dll
Register platform support module: C:/Program Files/Unity/Hub/Editor/2021.3.8f1/Editor/Data/PlaybackEngines/WindowsStandaloneSupport/UnityEditor.WindowsStandalone.Extensions.dll
Register platform support module: C:/Program Files/Unity/Hub/Editor/2021.3.8f1/Editor/Data/PlaybackEngines/MetroSupport/UnityEditor.UWP.Extensions.dll
Registered in 0.009688 seconds.
Native extension for UWP target not found
Native extension for WindowsStandalone target not found
Native extension for Android target not found
Native extension for WebGL target not found
Refreshing native plugins compatible for Editor in 26.42 ms, found 2 plugins.
Preloading 0 native plugins for Editor in 0.00 ms.
Mono: successfully reloaded assembly
- Completed reload, in  0.514 seconds
Domain Reload Profiling:
	ReloadAssembly (515ms)
		BeginReloadAssembly (66ms)
			ExecutionOrderSort (0ms)
			DisableScriptedObjects (0ms)
			BackupInstance (0ms)
			ReleaseScriptingObjects (0ms)
			CreateAndSetChildDomain (1ms)
		EndReloadAssembly (348ms)
			LoadAssemblies (64ms)
			RebuildTransferFunctionScriptingTraits (0ms)
			SetupTypeCache (89ms)
			ReleaseScriptCaches (0ms)
			RebuildScriptCaches (20ms)
			SetupLoadedEditorAssemblies (195ms)
				LogAssemblyErrors (0ms)
				InitializePlatformSupportModulesInManaged (53ms)
				SetLoadedEditorAssemblies (0ms)
				RefreshPlugins (26ms)
				BeforeProcessingInitializeOnLoad (1ms)
				ProcessInitializeOnLoadAttributes (78ms)
				ProcessInitializeOnLoadMethodAttributes (36ms)
				AfterProcessingInitializeOnLoad (0ms)
				EditorAssembliesLoaded (0ms)
			ExecutionOrderSort2 (0ms)
			AwakeInstancesAfterBackupRestoration (0ms)
Platform modules already initialized, skipping
Registering precompiled user dll's ...
Registered in 0.003498 seconds.
Begin MonoManager ReloadAssembly
An ADB process has shut down when we were accessing it, the following System.Threading.ThreadAbortException has been thrown: Thread was being aborted..
Native extension for UWP target not found
Native extension for WindowsStandalone target not found
Native extension for Android target not found
Native extension for WebGL target not found
Refreshing native plugins compatible for Editor in 0.36 ms, found 2 plugins.
Preloading 0 native plugins for Editor in 0.00 ms.
Mono: successfully reloaded assembly
- Completed reload, in  0.858 seconds
Domain Reload Profiling:
	ReloadAssembly (858ms)
		BeginReloadAssembly (213ms)
			ExecutionOrderSort (0ms)
			DisableScriptedObjects (5ms)
			BackupInstance (0ms)
			ReleaseScriptingObjects (0ms)
			CreateAndSetChildDomain (136ms)
		EndReloadAssembly (549ms)
			LoadAssemblies (61ms)
			RebuildTransferFunctionScriptingTraits (0ms)
			SetupTypeCache (148ms)
			ReleaseScriptCaches (0ms)
			RebuildScriptCaches (40ms)
			SetupLoadedEditorAssemblies (269ms)
				LogAssemblyErrors (0ms)
				InitializePlatformSupportModulesInManaged (16ms)
				SetLoadedEditorAssemblies (0ms)
				RefreshPlugins (0ms)
				BeforeProcessingInitializeOnLoad (48ms)
				ProcessInitializeOnLoadAttributes (167ms)
				ProcessInitializeOnLoadMethodAttributes (30ms)
				AfterProcessingInitializeOnLoad (8ms)
				EditorAssembliesLoaded (0ms)
			ExecutionOrderSort2 (0ms)
			AwakeInstancesAfterBackupRestoration (5ms)
Platform modules already initialized, skipping
========================================================================
Worker process is ready to serve import requests
Launched and connected shader compiler UnityShaderCompiler.exe after 0.04 seconds
Refreshing native plugins compatible for Editor in 0.40 ms, found 2 plugins.
Preloading 0 native plugins for Editor in 0.00 ms.
Unloading 1813 Unused Serialized files (Serialized files now loaded: 0)
Unloading 23 unused Assets / (55.9 KB). Loaded Objects now: 2284.
Memory consumption went from 77.9 MB to 77.8 MB.
Total: 2.760300 ms (FindLiveObjects: 0.145100 ms CreateObjectMapping: 0.040300 ms MarkObjects: 2.492900 ms  DeleteObjects: 0.081000 ms)

AssetImportParameters requested are different than current active one (requested -> active):
  custom:video-decoder-ogg-theora: a1e56fd34408186e4bbccfd4996cb3dc -> 
  custom:container-muxer-webm: aa71ff27fc2769a1b78a27578f13a17b -> 
  custom:container-demuxer-webm: 4f35f7cbe854078d1ac9338744f61a02 -> 
  custom:video-encoder-webm-vp8: eb34c28f22e8b96e1ab97ce403110664 -> 
  custom:audio-encoder-webm-vorbis: bf7c407c2cedff20999df2af8eb42d56 -> 
  custom:framework-win-MediaFoundation: 216162199b28c13a410421893ffa2e32 -> 
  custom:container-demuxer-ogg: 62fdf1f143b41e24485cea50d1cbac27 -> 
  custom:video-decoder-webm-vp8: 9c59270c3fd7afecdb556c50c9e8de78 -> 
  custom:audio-decoder-ogg-vorbis: bf7c407c2cedff20999df2af8eb42d56 -> 
========================================================================
Received Import Request.
  Time since last request: 262500.960610 seconds.
  path: Assets/Prefabs/Boss/Tank_Boss_Mine.prefab
  artifactKey: Guid(7a94ee3e1e7f8774fad672dfae5dbef4) Importer(815301076,1909f56bfc062723c751e8b465ee728b)
Start importing Assets/Prefabs/Boss/Tank_Boss_Mine.prefab using Guid(7a94ee3e1e7f8774fad672dfae5dbef4) Importer(815301076,1909f56bfc062723c751e8b465ee728b)  -> (artifact id: '9dbe9cd57a164fa87da81c3747c053a9') in 0.117835 seconds 
========================================================================
Received Prepare
Registering precompiled user dll's ...
Registered in 0.003615 seconds.
Begin MonoManager ReloadAssembly
Native extension for UWP target not found
Native extension for WindowsStandalone target not found
Native extension for Android target not found
Native extension for WebGL target not found
Refreshing native plugins compatible for Editor in 0.45 ms, found 2 plugins.
Preloading 0 native plugins for Editor in 0.00 ms.
Mono: successfully reloaded assembly
- Completed reload, in  0.787 seconds
Domain Reload Profiling:
	ReloadAssembly (788ms)
		BeginReloadAssembly (111ms)
			ExecutionOrderSort (0ms)
			DisableScriptedObjects (5ms)
			BackupInstance (0ms)
			ReleaseScriptingObjects (0ms)
			CreateAndSetChildDomain (29ms)
		EndReloadAssembly (583ms)
			LoadAssemblies (67ms)
			RebuildTransferFunctionScriptingTraits (0ms)
			SetupTypeCache (152ms)
			ReleaseScriptCaches (1ms)
			RebuildScriptCaches (34ms)
			SetupLoadedEditorAssemblies (296ms)
				LogAssemblyErrors (0ms)
				InitializePlatformSupportModulesInManaged (24ms)
				SetLoadedEditorAssemblies (1ms)
				RefreshPlugins (1ms)
				BeforeProcessingInitializeOnLoad (52ms)
				ProcessInitializeOnLoadAttributes (175ms)
				ProcessInitializeOnLoadMethodAttributes (35ms)
				AfterProcessingInitializeOnLoad (8ms)
				EditorAssembliesLoaded (0ms)
			ExecutionOrderSort2 (0ms)
			AwakeInstancesAfterBackupRestoration (5ms)
Platform modules already initialized, skipping
Refreshing native plugins compatible for Editor in 1.30 ms, found 2 plugins.
Preloading 0 native plugins for Editor in 0.00 ms.
Unloading 1795 Unused Serialized files (Serialized files now loaded: 0)
Unloading 12 unused Assets / (31.8 KB). Loaded Objects now: 2294.
Memory consumption went from 80.4 MB to 80.4 MB.
Total: 2.498700 ms (FindLiveObjects: 0.120100 ms CreateObjectMapping: 0.041000 ms MarkObjects: 2.319000 ms  DeleteObjects: 0.017800 ms)

AssetImportParameters requested are different than current active one (requested -> active):
  custom:video-decoder-ogg-theora: a1e56fd34408186e4bbccfd4996cb3dc -> 
  custom:container-muxer-webm: aa71ff27fc2769a1b78a27578f13a17b -> 
  custom:container-demuxer-webm: 4f35f7cbe854078d1ac9338744f61a02 -> 
  custom:video-encoder-webm-vp8: eb34c28f22e8b96e1ab97ce403110664 -> 
  custom:audio-encoder-webm-vorbis: bf7c407c2cedff20999df2af8eb42d56 -> 
  custom:framework-win-MediaFoundation: 216162199b28c13a410421893ffa2e32 -> 
  custom:container-demuxer-ogg: 62fdf1f143b41e24485cea50d1cbac27 -> 
  custom:video-decoder-webm-vp8: 9c59270c3fd7afecdb556c50c9e8de78 -> 
  custom:audio-decoder-ogg-vorbis: bf7c407c2cedff20999df2af8eb42d56 -> 
========================================================================
Received Import Request.
  Time since last request: 96.194292 seconds.
  path: Assets/Prefabs/Main Mechanics/Background.prefab
  artifactKey: Guid(ced5cf9e9ba35fb4ab972bdd689602a7) Importer(815301076,1909f56bfc062723c751e8b465ee728b)
Start importing Assets/Prefabs/Main Mechanics/Background.prefab using Guid(ced5cf9e9ba35fb4ab972bdd689602a7) Importer(815301076,1909f56bfc062723c751e8b465ee728b)  -> (artifact id: '2726d14f91f07a5b061d69ad05c24339') in 0.065763 seconds 
========================================================================
Received Import Request.
  Time since last request: 0.000023 seconds.
  path: Assets/2D Platformer Assets/Audio/Sound Effects/Enemy Explode.wav
  artifactKey: Guid(dc40711d94f1bcf42988f2befb22119b) Importer(815301076,1909f56bfc062723c751e8b465ee728b)
Start importing Assets/2D Platformer Assets/Audio/Sound Effects/Enemy Explode.wav using Guid(dc40711d94f1bcf42988f2befb22119b) Importer(815301076,1909f56bfc062723c751e8b465ee728b)  -> (artifact id: '4b56e1fcbf966903a54f31c457e6d099') in 0.044217 seconds 
========================================================================
Received Import Request.
  Time since last request: 0.000027 seconds.
  path: Assets/2D Platformer Assets/Graphics/Overworld/Overworld_Badges.png
  artifactKey: Guid(14b95d8392b37704e9b4c68d004b2b78) Importer(815301076,1909f56bfc062723c751e8b465ee728b)
Start importing Assets/2D Platformer Assets/Graphics/Overworld/Overworld_Badges.png using Guid(14b95d8392b37704e9b4c68d004b2b78) Importer(815301076,1909f56bfc062723c751e8b465ee728b)  -> (artifact id: '1743574775c838b28863dbc465a27fc1') in 0.037029 seconds 
========================================================================
Received Import Request.
  Time since last request: 0.000027 seconds.
  path: Assets/2D Platformer Assets/Graphics/Enemies/enemy-deadth.png
  artifactKey: Guid(1ec5cd5f2a02e694caf5c6db3dd7f329) Importer(815301076,1909f56bfc062723c751e8b465ee728b)
Start importing Assets/2D Platformer Assets/Graphics/Enemies/enemy-deadth.png using Guid(1ec5cd5f2a02e694caf5c6db3dd7f329) Importer(815301076,1909f56bfc062723c751e8b465ee728b)  -> (artifact id: '771bbd401959e6970beb319f3eaf414a') in 0.024376 seconds 
========================================================================
Received Import Request.
  Time since last request: 0.000024 seconds.
  path: Assets/Tiles/Overworld/Overworld_tiles_Padded_3.asset
  artifactKey: Guid(4b6e4d8f8f33c374aa9ed5326249adab) Importer(815301076,1909f56bfc062723c751e8b465ee728b)
Start importing Assets/Tiles/Overworld/Overworld_tiles_Padded_3.asset using Guid(4b6e4d8f8f33c374aa9ed5326249adab) Importer(815301076,1909f56bfc062723c751e8b465ee728b)  -> (artifact id: 'c96825f2cb5c3c9983283214ee010080') in 0.021165 seconds 
========================================================================
Received Import Request.
  Time since last request: 0.000018 seconds.
  path: Assets/TextMesh Pro/Resources/Style Sheets/Default Style Sheet.asset
  artifactKey: Guid(f952c082cb03451daed3ee968ac6c63e) Importer(815301076,1909f56bfc062723c751e8b465ee728b)
Start importing Assets/TextMesh Pro/Resources/Style Sheets/Default Style Sheet.asset using Guid(f952c082cb03451daed3ee968ac6c63e) Importer(815301076,1909f56bfc062723c751e8b465ee728b)  -> (artifact id: 'c72200549b97ff12ff44a36c3fabf96c') in 0.009256 seconds 
========================================================================
Received Import Request.
  Time since last request: 0.000016 seconds.
  path: Assets/TextMesh Pro/Resources/Fonts & Materials/LiberationSans SDF - Fallback.asset
  artifactKey: Guid(2e498d1c8094910479dc3e1b768306a4) Importer(815301076,1909f56bfc062723c751e8b465ee728b)
Start importing Assets/TextMesh Pro/Resources/Fonts & Materials/LiberationSans SDF - Fallback.asset using Guid(2e498d1c8094910479dc3e1b768306a4) Importer(815301076,1909f56bfc062723c751e8b465ee728b)  -> (artifact id: 'e356b0a8b9ef78c275561deeade5f5ec') in 0.056312 seconds 
========================================================================
Received Import Request.
  Time since last request: 0.000026 seconds.
  path: Assets/Prefabs/Effects/Death Effect.prefab
  artifactKey: Guid(a885e0b6d4cfd7b4db5f495c04c978ce) Importer(815301076,1909f56bfc062723c751e8b465ee728b)
Start importing Assets/Prefabs/Effects/Death Effect.prefab using Guid(a885e0b6d4cfd7b4db5f495c04c978ce) Importer(815301076,1909f56bfc062723c751e8b465ee728b)  -> (artifact id: '039e4d84611a663e8c38140c56e59476') in 0.017085 seconds 
========================================================================
Received Import Request.
  Time since last request: 0.000024 seconds.
  path: Assets/2D Platformer Assets/Graphics/Level Art/Background/middle.png
  artifactKey: Guid(9d541ad375405764cb1cbb0f66786d82) Importer(815301076,1909f56bfc062723c751e8b465ee728b)
Start importing Assets/2D Platformer Assets/Graphics/Level Art/Background/middle.png using Guid(9d541ad375405764cb1cbb0f66786d82) Importer(815301076,1909f56bfc062723c751e8b465ee728b)  -> (artifact id: '64e797077912da958ab067659667b399') in 0.020269 seconds 
========================================================================
Received Import Request.
  Time since last request: 0.000023 seconds.
  path: Assets/Tiles/Overworld/Overworld_tiles_Padded_0.asset
  artifactKey: Guid(383956605b4130c44aacab7bd9dfa128) Importer(815301076,1909f56bfc062723c751e8b465ee728b)
Start importing Assets/Tiles/Overworld/Overworld_tiles_Padded_0.asset using Guid(383956605b4130c44aacab7bd9dfa128) Importer(815301076,1909f56bfc062723c751e8b465ee728b)  -> (artifact id: '154d3095079fba29af32b069724ec433') in 0.010575 seconds 
========================================================================
Received Import Request.
  Time since last request: 0.000032 seconds.
  path: Assets/2D Platformer Assets/Audio/Sound Effects/Level Selected.wav
  artifactKey: Guid(ecf58a5c7d2791f4997eabc8fb3e355b) Importer(815301076,1909f56bfc062723c751e8b465ee728b)
Start importing Assets/2D Platformer Assets/Audio/Sound Effects/Level Selected.wav using Guid(ecf58a5c7d2791f4997eabc8fb3e355b) Importer(815301076,1909f56bfc062723c751e8b465ee728b)  -> (artifact id: 'c66d2dac6b7c4761034d982163444199') in 0.013011 seconds 
========================================================================
Received Import Request.
  Time since last request: 0.000026 seconds.
  path: Assets/Tiles/Overworld/OverWorld.prefab
  artifactKey: Guid(79bf1368a044ab243b5d2a1930a91e5b) Importer(815301076,1909f56bfc062723c751e8b465ee728b)
Start importing Assets/Tiles/Overworld/OverWorld.prefab using Guid(79bf1368a044ab243b5d2a1930a91e5b) Importer(815301076,1909f56bfc062723c751e8b465ee728b)  -> (artifact id: '1c03e7daaa1abf8c9a5751af051109c9') in 0.136374 seconds 
========================================================================
Received Import Request.
  Time since last request: 13.144435 seconds.
  path: Assets/Tiles/Overworld/Overworld_tiles_Padded_6.asset
  artifactKey: Guid(abdfcec96d94bd444909371f458e06c7) Importer(815301076,1909f56bfc062723c751e8b465ee728b)
Start importing Assets/Tiles/Overworld/Overworld_tiles_Padded_6.asset using Guid(abdfcec96d94bd444909371f458e06c7) Importer(815301076,1909f56bfc062723c751e8b465ee728b)  -> (artifact id: '96ffc6ed8a815917502aecd9f6f31824') in 0.011629 seconds 
========================================================================
Received Import Request.
  Time since last request: 0.000019 seconds.
  path: Assets/Tiles/Overworld/Overworld_tiles_Padded_8.asset
  artifactKey: Guid(6ea25f1dbaf5b4d4f9ddb2b008b8dee5) Importer(815301076,1909f56bfc062723c751e8b465ee728b)
Start importing Assets/Tiles/Overworld/Overworld_tiles_Padded_8.asset using Guid(6ea25f1dbaf5b4d4f9ddb2b008b8dee5) Importer(815301076,1909f56bfc062723c751e8b465ee728b)  -> (artifact id: '5a105ab3a9ae769d46b7d8273c588649') in 0.015052 seconds 
========================================================================
Received Import Request.
  Time since last request: 0.087955 seconds.
  path: Assets/Tiles/Overworld/Overworld_tiles_Padded_13.asset
  artifactKey: Guid(99269891b63346d48b7cb1de813fe8a5) Importer(815301076,1909f56bfc062723c751e8b465ee728b)
Start importing Assets/Tiles/Overworld/Overworld_tiles_Padded_13.asset using Guid(99269891b63346d48b7cb1de813fe8a5) Importer(815301076,1909f56bfc062723c751e8b465ee728b)  -> (artifact id: '84c9310dd1e6fc1f562a5616d5d691f3') in 0.020108 seconds 
========================================================================
Received Import Request.
  Time since last request: 1.311013 seconds.
  path: Assets/Tiles/Overworld/Overworld_tiles_Padded_19.asset
  artifactKey: Guid(44e6ee3cf22d0024ea7823b25d306793) Importer(815301076,1909f56bfc062723c751e8b465ee728b)
Start importing Assets/Tiles/Overworld/Overworld_tiles_Padded_19.asset using Guid(44e6ee3cf22d0024ea7823b25d306793) Importer(815301076,1909f56bfc062723c751e8b465ee728b)  -> (artifact id: 'f487479089fea2b5cd8545df6c9e5782') in 0.031241 seconds 
========================================================================
Received Import Request.
  Time since last request: 0.000024 seconds.
  path: Assets/Tiles/Overworld/Overworld_tiles_Padded_21.asset
  artifactKey: Guid(9ddf9899f5ff53a459c882bd228474c0) Importer(815301076,1909f56bfc062723c751e8b465ee728b)
Start importing Assets/Tiles/Overworld/Overworld_tiles_Padded_21.asset using Guid(9ddf9899f5ff53a459c882bd228474c0) Importer(815301076,1909f56bfc062723c751e8b465ee728b)  -> (artifact id: '5c2a77601d806c04fc51cd10a90d139b') in 0.013633 seconds 
========================================================================
Received Prepare
Registering precompiled user dll's ...
Registered in 0.003691 seconds.
Begin MonoManager ReloadAssembly
Native extension for UWP target not found
Native extension for WindowsStandalone target not found
Native extension for Android target not found
Native extension for WebGL target not found
Refreshing native plugins compatible for Editor in 0.38 ms, found 2 plugins.
Preloading 0 native plugins for Editor in 0.00 ms.
Mono: successfully reloaded assembly
- Completed reload, in  0.859 seconds
Domain Reload Profiling:
	ReloadAssembly (860ms)
		BeginReloadAssembly (122ms)
			ExecutionOrderSort (0ms)
			DisableScriptedObjects (5ms)
			BackupInstance (0ms)
			ReleaseScriptingObjects (0ms)
			CreateAndSetChildDomain (33ms)
		EndReloadAssembly (640ms)
			LoadAssemblies (76ms)
			RebuildTransferFunctionScriptingTraits (0ms)
			SetupTypeCache (152ms)
			ReleaseScriptCaches (1ms)
			RebuildScriptCaches (46ms)
			SetupLoadedEditorAssemblies (326ms)
				LogAssemblyErrors (0ms)
				InitializePlatformSupportModulesInManaged (29ms)
				SetLoadedEditorAssemblies (0ms)
				RefreshPlugins (0ms)
				BeforeProcessingInitializeOnLoad (58ms)
				ProcessInitializeOnLoadAttributes (191ms)
				ProcessInitializeOnLoadMethodAttributes (35ms)
				AfterProcessingInitializeOnLoad (11ms)
				EditorAssembliesLoaded (0ms)
			ExecutionOrderSort2 (0ms)
			AwakeInstancesAfterBackupRestoration (8ms)
Platform modules already initialized, skipping
Refreshing native plugins compatible for Editor in 1.36 ms, found 2 plugins.
Preloading 0 native plugins for Editor in 0.00 ms.
Unloading 1795 Unused Serialized files (Serialized files now loaded: 0)
Unloading 12 unused Assets / (31.7 KB). Loaded Objects now: 2347.
Memory consumption went from 80.9 MB to 80.9 MB.
Total: 2.541600 ms (FindLiveObjects: 0.123200 ms CreateObjectMapping: 0.039800 ms MarkObjects: 2.356300 ms  DeleteObjects: 0.021400 ms)

AssetImportParameters requested are different than current active one (requested -> active):
  custom:video-decoder-ogg-theora: a1e56fd34408186e4bbccfd4996cb3dc -> 
  custom:container-muxer-webm: aa71ff27fc2769a1b78a27578f13a17b -> 
  custom:container-demuxer-webm: 4f35f7cbe854078d1ac9338744f61a02 -> 
  custom:video-encoder-webm-vp8: eb34c28f22e8b96e1ab97ce403110664 -> 
  custom:audio-encoder-webm-vorbis: bf7c407c2cedff20999df2af8eb42d56 -> 
  custom:framework-win-MediaFoundation: 216162199b28c13a410421893ffa2e32 -> 
  custom:container-demuxer-ogg: 62fdf1f143b41e24485cea50d1cbac27 -> 
  custom:video-decoder-webm-vp8: 9c59270c3fd7afecdb556c50c9e8de78 -> 
  custom:audio-decoder-ogg-vorbis: bf7c407c2cedff20999df2af8eb42d56 -> 
